IMKit/build/intermediates/manifest_merge_blame_file/debug/manifest-merger-blame-debug-report.txt
1<?xml version="1.0" encoding="utf-8"?>
2<manifest xmlns:android="http://schemas.android.com/apk/res/android"
3    package="io.rong.imkit"
4    android:versionCode="2020021918"
5    android:versionName="2.10.4 release" >
6
7    <uses-sdk
8        android:minSdkVersion="16"
8-->src\main\AndroidManifest.xml
9        android:targetSdkVersion="23" />
9-->src\main\AndroidManifest.xml
10
11    <!-- 访问相册，访问文件系统等 -->
12    <uses-permission android:name="android.permission.READ_EXTERNAL_STORAGE" />
12-->src\main\AndroidManifest.xml:6:5-80
12-->src\main\AndroidManifest.xml:6:22-77
13    <!-- 发送位置消息，实时位置共享，如果您需要定位相关的功能，可以打开以下注释 -->
14    <!-- <uses-permission android:name="android.permission.ACCESS_FINE_LOCATION" /> -->
15    <!-- <uses-permission android:name="android.permission.ACCESS_COARSE_LOCATION" /> -->
16    <!-- 拍照 -->
17    <uses-permission android:name="android.permission.CAMERA" />
17-->src\main\AndroidManifest.xml:11:5-65
17-->src\main\AndroidManifest.xml:11:22-62
18    <!-- 拍照等 -->
19    <uses-permission android:name="android.permission.WRITE_SETTINGS" />
19-->src\main\AndroidManifest.xml:13:5-73
19-->src\main\AndroidManifest.xml:13:22-70
20    <!-- 网络 -->
21    <uses-permission android:name="android.permission.CHANGE_WIFI_STATE" />
21-->src\main\AndroidManifest.xml:15:5-76
21-->src\main\AndroidManifest.xml:15:22-73
22    <uses-permission android:name="android.permission.INTERNET" />
22-->src\main\AndroidManifest.xml:16:5-67
22-->src\main\AndroidManifest.xml:16:22-64
23    <uses-permission android:name="android.permission.ACCESS_NETWORK_STATE" />
23-->src\main\AndroidManifest.xml:17:5-79
23-->src\main\AndroidManifest.xml:17:22-76
24    <uses-permission android:name="android.permission.ACCESS_WIFI_STATE" />
24-->src\main\AndroidManifest.xml:18:5-76
24-->src\main\AndroidManifest.xml:18:22-73
25    <!-- 录音 -->
26    <uses-permission android:name="android.permission.RECORD_AUDIO" />
26-->src\main\AndroidManifest.xml:20:5-71
26-->src\main\AndroidManifest.xml:20:22-68
27    <!-- 使用ActivityManager需要 -->
28    <uses-permission android:name="android.permission.GET_TASKS" />
28-->src\main\AndroidManifest.xml:22:5-68
28-->src\main\AndroidManifest.xml:22:22-65
29    <!-- 适配 Android 8.0 -->
30    <uses-permission android:name="android.permission.REQUEST_INSTALL_PACKAGES" />
30-->src\main\AndroidManifest.xml:24:5-83
30-->src\main\AndroidManifest.xml:24:22-80
31    <!-- 保存图片，拍照等 -->
32    <uses-permission android:name="android.permission.WRITE_EXTERNAL_STORAGE" />
32-->src\main\AndroidManifest.xml:26:5-81
32-->src\main\AndroidManifest.xml:26:22-78
33    <!-- 新消息震动提醒 -->
34    <uses-permission android:name="android.permission.VIBRATE" />
34-->src\main\AndroidManifest.xml:28:5-66
34-->src\main\AndroidManifest.xml:28:22-63
35    <!-- 消息通道保活 -->
36    <uses-permission android:name="android.permission.WAKE_LOCK" />
36-->src\main\AndroidManifest.xml:30:5-68
36-->src\main\AndroidManifest.xml:30:22-65
37
38    <application>
38-->src\main\AndroidManifest.xml:32:5-237:19
39        <activity
39-->src\main\AndroidManifest.xml:36:9-40:15
40            android:name="io.rong.imkit.plugin.location.AMapLocationActivity"
40-->src\main\AndroidManifest.xml:37:13-78
41            android:screenOrientation="portrait" />
41-->src\main\AndroidManifest.xml:38:13-49
42        <activity
42-->src\main\AndroidManifest.xml:41:9-43:52
43            android:name="io.rong.imkit.plugin.location.AMapLocationActivity2D"
43-->src\main\AndroidManifest.xml:42:13-80
44            android:screenOrientation="portrait" />
44-->src\main\AndroidManifest.xml:43:13-49
45        <activity android:name="io.rong.imkit.plugin.location.AMapPreviewActivity" />
45-->src\main\AndroidManifest.xml:45:9-86
45-->src\main\AndroidManifest.xml:45:19-83
46        <activity android:name="io.rong.imkit.plugin.location.AMapPreviewActivity2D" />
46-->src\main\AndroidManifest.xml:46:9-88
46-->src\main\AndroidManifest.xml:46:19-85
47        <activity android:name="io.rong.imkit.plugin.location.AMapRealTimeActivity" />
47-->src\main\AndroidManifest.xml:48:9-87
47-->src\main\AndroidManifest.xml:48:19-84
48        <activity android:name="io.rong.imkit.plugin.location.AMapRealTimeActivity2D" />
48-->src\main\AndroidManifest.xml:49:9-89
48-->src\main\AndroidManifest.xml:49:19-86
49        <activity
49-->src\main\AndroidManifest.xml:51:9-54:71
50            android:name="io.rong.imkit.plugin.location.SearchLocationActivity"
50-->src\main\AndroidManifest.xml:52:13-80
51            android:screenOrientation="portrait"
51-->src\main\AndroidManifest.xml:53:13-49
52            android:windowSoftInputMode="stateVisible|adjustResize" />
52-->src\main\AndroidManifest.xml:54:13-68
53        <activity
53-->src\main\AndroidManifest.xml:56:9-61:15
54            android:name="io.rong.imkit.plugin.image.PictureSelectorActivity"
54-->src\main\AndroidManifest.xml:57:13-78
55            android:configChanges="keyboardHidden|orientation|screenSize"
55-->src\main\AndroidManifest.xml:58:13-74
56            android:screenOrientation="portrait"
56-->src\main\AndroidManifest.xml:59:13-49
57            android:theme="@android:style/Theme.NoTitleBar.Fullscreen" />
57-->src\main\AndroidManifest.xml:60:13-71
58        <activity
58-->src\main\AndroidManifest.xml:63:9-67:15
59            android:name="io.rong.imkit.plugin.image.PicturePreviewActivity"
59-->src\main\AndroidManifest.xml:64:13-77
60            android:screenOrientation="portrait"
60-->src\main\AndroidManifest.xml:65:13-49
61            android:theme="@android:style/Theme.NoTitleBar.Fullscreen" />
61-->src\main\AndroidManifest.xml:66:13-71
62
63        <!-- 开发者可以修改 RongBaseActivity 的 rc_base_activity_layout 布局文件调整 actionbar -->
64        <!-- <activity -->
65        <!-- android:name="io.rong.imkit.tools.RongWebviewActivity" -->
66        <!-- android:exported="false" -->
67        <!-- android:screenOrientation="portrait"> -->
68        <!-- <intent-filter> -->
69        <!-- <action android:name="io.rong.imkit.intent.action.webview" /> -->
70        <!-- <category android:name="android.intent.category.DEFAULT" /> -->
71        <!-- </intent-filter> -->
72        <!-- </activity> -->
73
74
75        <!-- <activity -->
76        <!-- android:name="io.rong.imkit.tools.CombineWebViewActivity" -->
77        <!-- android:exported="false" -->
78        <!-- android:screenOrientation="portrait"> -->
79        <!-- <intent-filter> -->
80        <!-- <action android:name="io.rong.imkit.intent.action.combinewebview" /> -->
81        <!-- <category android:name="android.intent.category.DEFAULT" /> -->
82        <!-- </intent-filter> -->
83        <!-- </activity> -->
84
85        <activity
85-->src\main\AndroidManifest.xml:90:9-95:15
86            android:name="io.rong.imkit.widget.provider.TakingPicturesActivity"
86-->src\main\AndroidManifest.xml:91:13-80
87            android:configChanges="orientation|keyboardHidden"
87-->src\main\AndroidManifest.xml:92:13-63
88            android:screenOrientation="portrait"
88-->src\main\AndroidManifest.xml:93:13-49
89            android:theme="@android:style/Theme.NoTitleBar.Fullscreen" />
89-->src\main\AndroidManifest.xml:94:13-71
90        <activity
90-->src\main\AndroidManifest.xml:97:9-105:20
91            android:name="io.rong.imkit.activity.PicturePagerActivity"
91-->src\main\AndroidManifest.xml:98:13-71
92            android:exported="false"
92-->src\main\AndroidManifest.xml:99:13-37
93            android:theme="@android:style/Theme.NoTitleBar.Fullscreen" >
93-->src\main\AndroidManifest.xml:100:13-71
94            <intent-filter>
94-->src\main\AndroidManifest.xml:101:13-104:29
95                <action android:name="io.rong.imkit.intent.action.picturepagerview" />
95-->src\main\AndroidManifest.xml:102:17-87
95-->src\main\AndroidManifest.xml:102:25-84
96
97                <category android:name="android.intent.category.DEFAULT" />
97-->src\main\AndroidManifest.xml:103:17-76
97-->src\main\AndroidManifest.xml:103:27-73
98            </intent-filter>
99        </activity>
100        <activity
100-->src\main\AndroidManifest.xml:107:9-110:67
101            android:name="io.rong.imkit.mention.MemberMentionedActivity"
101-->src\main\AndroidManifest.xml:108:13-73
102            android:configChanges="orientation|keyboardHidden"
102-->src\main\AndroidManifest.xml:109:13-63
103            android:windowSoftInputMode="adjustPan|stateHidden" />
103-->src\main\AndroidManifest.xml:110:13-64
104        <activity
104-->src\main\AndroidManifest.xml:111:9-113:15
105            android:name="io.rong.imkit.activity.FileManagerActivity"
105-->src\main\AndroidManifest.xml:111:19-76
106            android:theme="@android:style/Theme.NoTitleBar.Fullscreen" />
106-->src\main\AndroidManifest.xml:112:13-71
107        <activity
107-->src\main\AndroidManifest.xml:114:9-116:15
108            android:name="io.rong.imkit.activity.FileListActivity"
108-->src\main\AndroidManifest.xml:114:19-73
109            android:theme="@android:style/Theme.NoTitleBar.Fullscreen" />
109-->src\main\AndroidManifest.xml:115:13-71
110        <activity
110-->src\main\AndroidManifest.xml:117:9-127:20
111            android:name="io.rong.imkit.activity.FilePreviewActivity"
111-->src\main\AndroidManifest.xml:118:13-70
112            android:exported="false"
112-->src\main\AndroidManifest.xml:119:13-37
113            android:screenOrientation="portrait"
113-->src\main\AndroidManifest.xml:120:13-49
114            android:theme="@android:style/Theme.NoTitleBar.Fullscreen" >
114-->src\main\AndroidManifest.xml:121:13-71
115            <intent-filter>
115-->src\main\AndroidManifest.xml:123:13-126:29
116                <action android:name="io.rong.imkit.intent.action.openfile" />
116-->src\main\AndroidManifest.xml:124:17-79
116-->src\main\AndroidManifest.xml:124:25-76
117
118                <category android:name="android.intent.category.DEFAULT" />
118-->src\main\AndroidManifest.xml:103:17-76
118-->src\main\AndroidManifest.xml:103:27-73
119            </intent-filter>
120        </activity>
121        <activity
121-->src\main\AndroidManifest.xml:128:9-138:20
122            android:name="io.rong.imkit.activity.WebFilePreviewActivity"
122-->src\main\AndroidManifest.xml:129:13-73
123            android:exported="false"
123-->src\main\AndroidManifest.xml:130:13-37
124            android:screenOrientation="portrait"
124-->src\main\AndroidManifest.xml:131:13-49
125            android:theme="@android:style/Theme.NoTitleBar.Fullscreen" >
125-->src\main\AndroidManifest.xml:132:13-71
126            <intent-filter>
126-->src\main\AndroidManifest.xml:134:13-137:29
127                <action android:name="io.rong.imkit.intent.action.openwebfile" />
127-->src\main\AndroidManifest.xml:135:17-82
127-->src\main\AndroidManifest.xml:135:25-79
128
129                <category android:name="android.intent.category.DEFAULT" />
129-->src\main\AndroidManifest.xml:103:17-76
129-->src\main\AndroidManifest.xml:103:27-73
130            </intent-filter>
131        </activity>
132        <activity
132-->src\main\AndroidManifest.xml:140:9-143:52
133            android:name="io.rong.imkit.activity.CSLeaveMessageActivity"
133-->src\main\AndroidManifest.xml:141:13-60
134            android:configChanges="orientation|keyboardHidden"
134-->src\main\AndroidManifest.xml:142:13-63
135            android:screenOrientation="portrait" />
135-->src\main\AndroidManifest.xml:143:13-49
136        <activity
136-->src\main\AndroidManifest.xml:145:9-153:20
137            android:name="io.rong.imkit.activity.GIFPreviewActivity"
137-->src\main\AndroidManifest.xml:146:13-69
138            android:exported="false"
138-->src\main\AndroidManifest.xml:147:13-37
139            android:theme="@android:style/Theme.NoTitleBar.Fullscreen" >
139-->src\main\AndroidManifest.xml:148:13-71
140            <intent-filter>
140-->src\main\AndroidManifest.xml:149:13-152:29
141                <action android:name="io.rong.imkit.intent.action.gifrview" />
141-->src\main\AndroidManifest.xml:150:17-79
141-->src\main\AndroidManifest.xml:150:25-76
142
143                <category android:name="android.intent.category.DEFAULT" />
143-->src\main\AndroidManifest.xml:103:17-76
143-->src\main\AndroidManifest.xml:103:27-73
144            </intent-filter>
145        </activity>
146        <activity android:name="io.rong.imkit.activity.SelectConversationActivity" />
146-->src\main\AndroidManifest.xml:155:9-86
146-->src\main\AndroidManifest.xml:155:19-83
147        <activity
147-->src\main\AndroidManifest.xml:159:9-162:20
148            android:name="io.rong.imkit.io.rong.extend.messagedetail.MessageDetailActivity"
148-->src\main\AndroidManifest.xml:159:19-98
149            android:theme="@style/Theme.AppCompat.Light.NoActionBar" >
149-->src\main\AndroidManifest.xml:160:13-69
150        </activity>
151        <activity
151-->src\main\AndroidManifest.xml:163:9-166:20
152            android:name="io.rong.imkit.io.rong.extend.gifMessage.GIFPreviewActivity"
152-->src\main\AndroidManifest.xml:163:19-92
153            android:theme="@style/Theme.AppCompat.Light.NoActionBar" >
153-->src\main\AndroidManifest.xml:164:13-69
154        </activity>
155
156        <!-- imlib config begin -->
157        <meta-data
157-->src\main\AndroidManifest.xml:178:9-180:45
158            android:name="RONG_CLOUD_APP_KEY"
158-->src\main\AndroidManifest.xml:179:13-46
159            android:value="6tnym1br64wq7" />
159-->src\main\AndroidManifest.xml:180:13-42
160
161        <service
161-->src\main\AndroidManifest.xml:182:9-184:38
162            android:name="io.rong.imlib.ipc.RongService"
162-->src\main\AndroidManifest.xml:183:13-57
163            android:process=":ipc" />
163-->src\main\AndroidManifest.xml:184:13-35
164
165        <receiver android:name="io.rong.imlib.ConnectChangeReceiver" />
165-->src\main\AndroidManifest.xml:186:9-188:15
165-->src\main\AndroidManifest.xml:187:13-63
166        <receiver
166-->src\main\AndroidManifest.xml:190:9-192:38
167            android:name="io.rong.imlib.HeartbeatReceiver"
167-->src\main\AndroidManifest.xml:191:13-59
168            android:process=":ipc" />
168-->src\main\AndroidManifest.xml:192:13-35
169        <!-- imlib config end -->
170
171
172        <!-- 必选： SDK 核心功能 -->
173        <service
173-->src\main\AndroidManifest.xml:196:9-200:46
174            android:name="io.rong.push.rongpush.PushService"
174-->src\main\AndroidManifest.xml:197:13-61
175            android:exported="true"
175-->src\main\AndroidManifest.xml:198:13-36
176            android:permission="android.permission.BIND_JOB_SERVICE"
176-->src\main\AndroidManifest.xml:199:13-69
177            android:process="io.rong.push" />
177-->src\main\AndroidManifest.xml:200:13-43
178
179        <!-- push 相关事件接收器 -->
180        <receiver
180-->src\main\AndroidManifest.xml:203:9-218:20
181            android:name="io.rong.push.rongpush.PushReceiver"
181-->src\main\AndroidManifest.xml:204:13-62
182            android:process="io.rong.push" > <!-- 此处进程可以改名，名称需要和PushService所在进程统一 -->
182-->src\main\AndroidManifest.xml:205:13-43
183            <!-- 心跳事件和网络切换事件监听,必须 -->
184            <intent-filter>
184-->src\main\AndroidManifest.xml:207:13-210:29
185                <action android:name="io.rong.push.intent.action.HEART_BEAT" />
185-->src\main\AndroidManifest.xml:208:17-80
185-->src\main\AndroidManifest.xml:208:25-77
186                <action android:name="android.net.conn.CONNECTIVITY_CHANGE" />
186-->src\main\AndroidManifest.xml:209:17-79
186-->src\main\AndroidManifest.xml:209:25-76
187            </intent-filter>
188
189            <!-- 部分用户事件监听, 用来提高推送拉活率; 可移除 -->
190            <intent-filter>
190-->src\main\AndroidManifest.xml:213:13-217:29
191                <action android:name="android.intent.action.USER_PRESENT" />
191-->src\main\AndroidManifest.xml:214:17-77
191-->src\main\AndroidManifest.xml:214:25-74
192                <action android:name="android.intent.action.ACTION_POWER_CONNECTED" />
192-->src\main\AndroidManifest.xml:215:17-87
192-->src\main\AndroidManifest.xml:215:25-84
193                <action android:name="android.intent.action.ACTION_POWER_DISCONNECTED" />
193-->src\main\AndroidManifest.xml:216:17-90
193-->src\main\AndroidManifest.xml:216:25-87
194            </intent-filter>
195        </receiver>
196
197        <!-- 必选： SDK 核心功能 -->
198
199
200        <!-- 此部分代码需要移植到您的 app 下的 manifest，并且 authorities 指定您的包名。例如：com.android.FileProvider -->
201        <!-- 否则使用拍照功能时，会崩溃 -->
202        <!-- <provider -->
203        <!-- android:name="android.support.v4.content.FileProvider" -->
204        <!-- android:authorities="包名.FileProvider" -->
205        <!-- android:grantUriPermissions="true" -->
206        <!-- android:exported="false"> -->
207        <!-- <meta-data -->
208        <!-- android:name="android.support.FILE_PROVIDER_PATHS" -->
209        <!-- android:resource="@xml/rc_file_path"/> -->
210        <!-- </provider> -->
211    </application>
212
213</manifest>